17:57:28.363 INFO   - Initialized Passenger{id='pas-7329', initialLevel=9, destinationLevel=6, state=NOT_STARTED}
17:57:28.363 INFO   - Initialized Passenger{id='pas-3125', initialLevel=6, destinationLevel=8, state=NOT_STARTED}
17:57:28.363 INFO   - Initialized Passenger{id='pas-6270', initialLevel=12, destinationLevel=1, state=NOT_STARTED}
17:57:28.363 INFO   - Initialized Passenger{id='pas-2120', initialLevel=6, destinationLevel=17, state=NOT_STARTED}
17:57:28.363 INFO   - Initialized Passenger{id='pas-3183', initialLevel=6, destinationLevel=10, state=NOT_STARTED}
17:57:28.363 INFO   - Initialized Passenger{id='pas-1388', initialLevel=4, destinationLevel=12, state=NOT_STARTED}
17:57:28.363 INFO   - Initialized Passenger{id='pas-46', initialLevel=13, destinationLevel=18, state=NOT_STARTED}
17:57:28.363 INFO   - Initialized Passenger{id='pas-6468', initialLevel=4, destinationLevel=16, state=NOT_STARTED}
17:57:28.363 INFO   - Initialized Passenger{id='pas-9921', initialLevel=11, destinationLevel=9, state=NOT_STARTED}
17:57:28.363 INFO   - Initialized Passenger{id='pas-5848', initialLevel=10, destinationLevel=9, state=NOT_STARTED}
17:57:28.363 INFO   - Initialized Passenger{id='pas-6563', initialLevel=14, destinationLevel=12, state=NOT_STARTED}
17:57:28.363 INFO   - Initialized Passenger{id='pas-2990', initialLevel=19, destinationLevel=17, state=NOT_STARTED}
17:57:28.363 INFO   - Initialized Passenger{id='pas-5606', initialLevel=10, destinationLevel=3, state=NOT_STARTED}
17:57:28.363 INFO   - Initialized Passenger{id='pas-3315', initialLevel=3, destinationLevel=2, state=NOT_STARTED}
17:57:28.363 INFO   - Initialized Passenger{id='pas-6593', initialLevel=13, destinationLevel=7, state=NOT_STARTED}
17:57:28.363 INFO   - Initialized Passenger{id='pas-8176', initialLevel=5, destinationLevel=15, state=NOT_STARTED}
17:57:28.363 INFO   - Initialized Passenger{id='pas-4611', initialLevel=11, destinationLevel=14, state=NOT_STARTED}
17:57:28.363 INFO   - Initialized Passenger{id='pas-998', initialLevel=12, destinationLevel=8, state=NOT_STARTED}
17:57:28.363 INFO   - Initialized Passenger{id='pas-1335', initialLevel=14, destinationLevel=6, state=NOT_STARTED}
17:57:28.363 INFO   - Initialized Passenger{id='pas-5658', initialLevel=18, destinationLevel=12, state=NOT_STARTED}
17:57:28.416 INFO   - Transportation process started
17:57:28.416 INFO   - Moving elevator UP from level 0 to level 3
17:57:28.416 WARN   - directionUp = true
17:57:28.416 WARN   - cabinEmpty = true
17:57:28.416 WARN   - departureUpEmpty = true
17:57:28.416 WARN   - departureDownEmpty = false
17:57:28.416 INFO   - flip direction to DOWN
17:57:28.416 INFO   - Passenger #pas-3315 picked up at level 3
17:57:28.416 INFO   - Moving elevator DOWN from level 3 to level 2
17:57:28.416 WARN   - directionUp = false
17:57:28.416 WARN   - cabinEmpty = false
17:57:28.416 WARN   - departureUpEmpty = true
17:57:28.416 WARN   - departureDownEmpty = true
17:57:28.416 INFO   - Passenger #pas-3315 arrived at level 2
17:57:28.416 WARN   - directionUp = false
17:57:28.416 WARN   - cabin = []
17:57:28.416 WARN   - remainingPassengers = [Passenger{id='pas-1388', initialLevel=4, destinationLevel=12, state=NOT_STARTED}, Passenger{id='pas-6468', initialLevel=4, destinationLevel=16, state=NOT_STARTED}, Passenger{id='pas-8176', initialLevel=5, destinationLevel=15, state=NOT_STARTED}, Passenger{id='pas-3183', initialLevel=6, destinationLevel=10, state=NOT_STARTED}, Passenger{id='pas-2120', initialLevel=6, destinationLevel=17, state=NOT_STARTED}, Passenger{id='pas-3125', initialLevel=6, destinationLevel=8, state=NOT_STARTED}, Passenger{id='pas-7329', initialLevel=9, destinationLevel=6, state=NOT_STARTED}, Passenger{id='pas-5606', initialLevel=10, destinationLevel=3, state=NOT_STARTED}, Passenger{id='pas-5848', initialLevel=10, destinationLevel=9, state=NOT_STARTED}, Passenger{id='pas-4611', initialLevel=11, destinationLevel=14, state=NOT_STARTED}, Passenger{id='pas-9921', initialLevel=11, destinationLevel=9, state=NOT_STARTED}, Passenger{id='pas-6270', initialLevel=12, destinationLevel=1, state=NOT_STARTED}, Passenger{id='pas-998', initialLevel=12, destinationLevel=8, state=NOT_STARTED}, Passenger{id='pas-46', initialLevel=13, destinationLevel=18, state=NOT_STARTED}, Passenger{id='pas-6593', initialLevel=13, destinationLevel=7, state=NOT_STARTED}, Passenger{id='pas-1335', initialLevel=14, destinationLevel=6, state=NOT_STARTED}, Passenger{id='pas-6563', initialLevel=14, destinationLevel=12, state=NOT_STARTED}, Passenger{id='pas-5658', initialLevel=18, destinationLevel=12, state=NOT_STARTED}, Passenger{id='pas-2990', initialLevel=19, destinationLevel=17, state=NOT_STARTED}]
17:57:28.416 INFO   - ------ VALIDATION PROCESS ------
17:57:28.416 INFO   - Level 0 dispatch is empty - true
17:57:28.416 INFO   - Level 1 dispatch is empty - true
17:57:28.416 INFO   - Level 2 dispatch is empty - true
17:57:28.416 INFO   - Passenger #pas-3315 with destination 2 is in level 2 arrival
17:57:28.416 INFO   - Passenger #pas-3315 state COMPLETED
17:57:28.416 INFO   - Level 3 dispatch is empty - true
17:57:28.416 INFO   - Level 4 dispatch is empty - false
